<?xml version="1.0" encoding="UTF-8"?>
<!-- Generated by org.testng.reporters.JUnitReportReporter -->
<testsuite hostname="AMALITECH-PC-10199" failures="0" tests="3" name="resting.TestLocalApi" time="2.155" errors="0" timestamp="2024-05-07T15:47:02 BST" skipped="0">
  <testcase classname="resting.TestLocalApi" name="addsubject" time="2.050"/>
  <testcase classname="resting.TestLocalApi" name="post" time="0.033"/>
  <testcase classname="resting.TestLocalApi" name="get" time="0.072"/>
</testsuite> <!-- resting.TestLocalApi -->
