<?xml version="1.0" encoding="UTF-8"?>
<!-- Generated by org.testng.reporters.JUnitReportReporter -->
<testsuite hostname="AMALITECH-PC-10199" failures="0" tests="5" name="resting.TestingApi" time="8.209" errors="0" timestamp="2024-05-03T13:17:26 BST" skipped="0">
  <testcase classname="resting.TestingApi" name="test2Get" time="4.329"/>
  <testcase classname="resting.TestingApi" name="test4PutAndPatch" time="0.705"/>
  <testcase classname="resting.TestingApi" name="test3Post" time="1.366"/>
  <testcase classname="resting.TestingApi" name="testone" time="1.071"/>
  <testcase classname="resting.TestingApi" name="testDelete" time="0.738"/>
</testsuite> <!-- resting.TestingApi -->
